[debug] [2023-08-01T14:12:25.976Z] ----------------------------------------------------------------------
[debug] [2023-08-01T14:12:25.977Z] Command:       C:\Program Files\nodejs\node.exe C:\Users\smrut\AppData\Roaming\npm\node_modules\firebase-tools\lib\bin\firebase.js init
[debug] [2023-08-01T14:12:25.978Z] CLI Version:   12.0.0
[debug] [2023-08-01T14:12:25.978Z] Platform:      win32
[debug] [2023-08-01T14:12:25.978Z] Node Version:  v18.16.0
[debug] [2023-08-01T14:12:25.979Z] Time:          Tue Aug 01 2023 19:42:25 GMT+0530 (India Standard Time)
[debug] [2023-08-01T14:12:25.979Z] ----------------------------------------------------------------------
[debug] 
[debug] [2023-08-01T14:12:26.055Z] > command requires scopes: ["email","openid","https://www.googleapis.com/auth/cloudplatformprojects.readonly","https://www.googleapis.com/auth/firebase","https://www.googleapis.com/auth/cloud-platform"]
[debug] [2023-08-01T14:12:26.056Z] > authorizing via signed-in user (smrutirani0@gmail.com)
[info] 
     ######## #### ########  ######## ########     ###     ######  ########
     ##        ##  ##     ## ##       ##     ##  ##   ##  ##       ##
     ######    ##  ########  ######   ########  #########  ######  ######
     ##        ##  ##    ##  ##       ##     ## ##     ##       ## ##
     ##       #### ##     ## ######## ########  ##     ##  ######  ########

You're about to initialize a Firebase project in this directory:

  C:\Users\smrut\Desktop\amazon-clone1

Before we get started, keep in mind:

  * You are initializing within an existing Firebase project directory

[info] 
=== Project Setup
[info] 
[info] First, let's associate this project directory with a Firebase project.
[info] You can create multiple project aliases by running firebase use --add, 
[info] but for now we'll just set up a default project.
[info] 
[debug] [2023-08-01T14:13:06.030Z] Using project from CLI flag: clone-9b9ef
[debug] [2023-08-01T14:13:06.033Z] > refreshing access token with scopes: []
[debug] [2023-08-01T14:13:06.037Z] >>> [apiv2][query] POST https://www.googleapis.com/oauth2/v3/token [none]
[debug] [2023-08-01T14:13:06.037Z] >>> [apiv2][body] POST https://www.googleapis.com/oauth2/v3/token [omitted]
[debug] [2023-08-01T14:13:06.346Z] <<< [apiv2][status] POST https://www.googleapis.com/oauth2/v3/token 200
[debug] [2023-08-01T14:13:06.347Z] <<< [apiv2][body] POST https://www.googleapis.com/oauth2/v3/token [omitted]
[debug] [2023-08-01T14:13:06.386Z] >>> [apiv2][query] GET https://firebase.googleapis.com/v1beta1/projects/clone-9b9ef [none]
[debug] [2023-08-01T14:13:07.024Z] <<< [apiv2][status] GET https://firebase.googleapis.com/v1beta1/projects/clone-9b9ef 200
[debug] [2023-08-01T14:13:07.025Z] <<< [apiv2][body] GET https://firebase.googleapis.com/v1beta1/projects/clone-9b9ef {"projectId":"clone-9b9ef","projectNumber":"224005791697","displayName":"amazon-clone","name":"projects/clone-9b9ef","resources":{"hostingSite":"clone-9b9ef"},"state":"ACTIVE","etag":"1_71eeaf5d-836d-4be1-9108-0a30aa110f05"}
[info] i  Using project clone-9b9ef (amazon-clone) 
[info] 
=== Hosting Setup
[info] 
[info] Your public directory is the folder (relative to your project directory) that
[info] will contain Hosting assets to be uploaded with firebase deploy. If you
[info] have a build process for your assets, use your build's output directory.
[info] 
[info] +  Wrote public/404.html 
[debug] [2023-08-01T14:13:52.413Z] >>> [apiv2][query] GET https://www.gstatic.com/firebasejs/releases.json [none]
[debug] [2023-08-01T14:13:52.822Z] <<< [apiv2][status] GET https://www.gstatic.com/firebasejs/releases.json 200
[debug] [2023-08-01T14:13:52.822Z] <<< [apiv2][body] GET https://www.gstatic.com/firebasejs/releases.json {"current":{"version":"10.1.0","browserURL":"https://www.gstatic.com/firebasejs/10.1.0/firebase.js","packageURL":"https://www.gstatic.com/firebasejs/10.1.0/firebase.tgz"},"live":{"version":"10.1","browserURL":"https://www.gstatic.com/firebasejs/live/10.1/firebase.js","packageURL":"https://www.gstatic.com/firebasejs/live/10.1/firebase.tgz"},"components":{"analytics":"https://www.gstatic.com/firebasejs/10.1.0/firebase-analytics.js","app":"https://www.gstatic.com/firebasejs/10.1.0/firebase-app.js","app-check":"https://www.gstatic.com/firebasejs/10.1.0/firebase-app-check.js","auth":"https://www.gstatic.com/firebasejs/10.1.0/firebase-auth.js","auth/cordova":"https://www.gstatic.com/firebasejs/10.1.0/firebase-auth/cordova.js","functions":"https://www.gstatic.com/firebasejs/10.1.0/firebase-functions.js","firestore":"https://www.gstatic.com/firebasejs/10.1.0/firebase-firestore.js","firestore/lite":"https://www.gstatic.com/firebasejs/10.1.0/firebase-firestore/lite.js","installations":"https://www.gstatic.com/firebasejs/10.1.0/firebase-installations.js","storage":"https://www.gstatic.com/firebasejs/10.1.0/firebase-storage.js","performance":"https://www.gstatic.com/firebasejs/10.1.0/firebase-performance.js","remote-config":"https://www.gstatic.com/firebasejs/10.1.0/firebase-remote-config.js","messaging":"https://www.gstatic.com/firebasejs/10.1.0/firebase-messaging.js","messaging/sw":"https://www.gstatic.com/firebasejs/10.1.0/firebase-messaging/sw.js","database":"https://www.gstatic.com/firebasejs/10.1.0/firebase-database.js","firestore.memory":"https://www.gstatic.com/firebasejs/10.1.0/firebase-firestore.memory.js"}}
[info] i  Skipping write of public/index.html 
[info] 
[info] i  Detected a .git folder at C:\Users\smrut\Desktop\amazon-clone1 
[info] i  Authorizing with GitHub to upload your service account to a GitHub repository's secrets store. 
[info] 
[info] Visit this URL on this device to log in:
[info] https://github.com/login/oauth/authorize?client_id=89cf50f02ac6aaed3484&state=1020199541&redirect_uri=http%3A%2F%2Flocalhost%3A9005&scope=read%3Auser%20repo%20public_repo
[info] 
[info] Waiting for authentication...
[debug] [2023-08-01T14:14:23.950Z] >>> [apiv2][query] POST https://github.com/login/oauth/access_token [none]
[debug] [2023-08-01T14:14:23.950Z] >>> [apiv2][body] POST https://github.com/login/oauth/access_token [stream]
[debug] [2023-08-01T14:14:24.600Z] <<< [apiv2][status] POST https://github.com/login/oauth/access_token 200
[debug] [2023-08-01T14:14:24.601Z] <<< [apiv2][body] POST https://github.com/login/oauth/access_token {"access_token":"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","token_type":"bearer","scope":"read:user,repo"}
[debug] [2023-08-01T14:14:24.641Z] >>> [apiv2][query] GET https://api.github.com/user [none]
[debug] [2023-08-01T14:14:25.351Z] <<< [apiv2][status] GET https://api.github.com/user 200
[debug] [2023-08-01T14:14:25.352Z] <<< [apiv2][body] GET https://api.github.com/user {"login":"Smrutirani","id":91662340,"node_id":"U_kgDOBXaoBA","avatar_url":"https://avatars.githubusercontent.com/u/91662340?v=4","gravatar_id":"","url":"https://api.github.com/users/Smrutirani","html_url":"https://github.com/Smrutirani","followers_url":"https://api.github.com/users/Smrutirani/followers","following_url":"https://api.github.com/users/Smrutirani/following{/other_user}","gists_url":"https://api.github.com/users/Smrutirani/gists{/gist_id}","starred_url":"https://api.github.com/users/Smrutirani/starred{/owner}{/repo}","subscriptions_url":"https://api.github.com/users/Smrutirani/subscriptions","organizations_url":"https://api.github.com/users/Smrutirani/orgs","repos_url":"https://api.github.com/users/Smrutirani/repos","events_url":"https://api.github.com/users/Smrutirani/events{/privacy}","received_events_url":"https://api.github.com/users/Smrutirani/received_events","type":"User","site_admin":false,"name":"Smruti-Rani","company":null,"blog":"","location":null,"email":null,"hireable":null,"bio":"Web Developer","twitter_username":null,"public_repos":6,"public_gists":0,"followers":0,"following":0,"created_at":"2021-09-30T08:50:00Z","updated_at":"2023-05-02T13:26:47Z","private_gists":0,"total_private_repos":0,"owned_private_repos":0,"disk_usage":6529,"collaborators":0,"two_factor_authentication":false,"plan":{"name":"free","space":976562499,"collaborators":0,"private_repos":10000}}
[info] 
[info] +  Success! Logged into GitHub as Smrutirani 
[info] 
[debug] [2023-08-01T14:15:09.434Z] >>> [apiv2][query] GET https://api.github.com/repos/user/actions/secrets/public-key type=owner
[debug] [2023-08-01T14:15:10.468Z] <<< [apiv2][status] GET https://api.github.com/repos/user/actions/secrets/public-key 404
[debug] [2023-08-01T14:15:10.468Z] <<< [apiv2][body] GET https://api.github.com/repos/user/actions/secrets/public-key {"message":"Not Found","documentation_url":"https://docs.github.com/rest"}
[info] 
[info] 
[error] !  The provided authorization cannot be used with this repository. If this repository is in an organization, did you remember to grant access? 
[info] 
[info] i  Action required: Visit this URL to ensure access has been granted to the appropriate organization(s) for the Firebase CLI GitHub OAuth App: 
[info] https://github.com/settings/connections/applications/89cf50f02ac6aaed3484
[info] 
[debug] [2023-08-01T14:16:45.774Z] ----------------------------------------------------------------------
[debug] [2023-08-01T14:16:45.776Z] Command:       C:\Program Files\nodejs\node.exe C:\Users\smrut\AppData\Roaming\npm\node_modules\firebase-tools\lib\bin\firebase.js init emulators
[debug] [2023-08-01T14:16:45.776Z] CLI Version:   12.0.0
[debug] [2023-08-01T14:16:45.776Z] Platform:      win32
[debug] [2023-08-01T14:16:45.776Z] Node Version:  v18.16.0
[debug] [2023-08-01T14:16:45.777Z] Time:          Tue Aug 01 2023 19:46:45 GMT+0530 (India Standard Time)
[debug] [2023-08-01T14:16:45.777Z] ----------------------------------------------------------------------
[debug] 
[debug] [2023-08-01T14:16:45.831Z] > command requires scopes: ["email","openid","https://www.googleapis.com/auth/cloudplatformprojects.readonly","https://www.googleapis.com/auth/firebase","https://www.googleapis.com/auth/cloud-platform"]
[debug] [2023-08-01T14:16:45.832Z] > authorizing via signed-in user (smrutirani0@gmail.com)
[info] 
     ######## #### ########  ######## ########     ###     ######  ########
     ##        ##  ##     ## ##       ##     ##  ##   ##  ##       ##
     ######    ##  ########  ######   ########  #########  ######  ######
     ##        ##  ##    ##  ##       ##     ## ##     ##       ## ##
     ##       #### ##     ## ######## ########  ##     ##  ######  ########

You're about to initialize a Firebase project in this directory:

  C:\Users\smrut\Desktop\amazon-clone1

Before we get started, keep in mind:

  * You are initializing within an existing Firebase project directory

[info] 
=== Project Setup
[info] 
[info] First, let's associate this project directory with a Firebase project.
[info] You can create multiple project aliases by running firebase use --add, 
[info] but for now we'll just set up a default project.
[info] 
[debug] [2023-08-01T14:17:15.820Z] Using project from CLI flag: clone-9b9ef
[debug] [2023-08-01T14:17:15.823Z] >>> [apiv2][query] GET https://firebase.googleapis.com/v1beta1/projects/clone-9b9ef [none]
[debug] [2023-08-01T14:17:16.999Z] <<< [apiv2][status] GET https://firebase.googleapis.com/v1beta1/projects/clone-9b9ef 200
[debug] [2023-08-01T14:17:16.999Z] <<< [apiv2][body] GET https://firebase.googleapis.com/v1beta1/projects/clone-9b9ef {"projectId":"clone-9b9ef","projectNumber":"224005791697","displayName":"amazon-clone","name":"projects/clone-9b9ef","resources":{"hostingSite":"clone-9b9ef"},"state":"ACTIVE","etag":"1_71eeaf5d-836d-4be1-9108-0a30aa110f05"}
[info] i  Using project clone-9b9ef (amazon-clone) 
[info] 
=== Emulators Setup
